[2018-05-31] guest用户访问<function article at 0x0000028440F1A8C8>
[2018-05-31] guest用户访问<function diary at 0x0000028440F1A950>
[2018-05-31] guest用户访问<function comment at 0x0000028440F1A9D8>
[2018-05-31] guest用户访问<function collection at 0x0000028440F1AA60>
[2018-05-31] guest用户访问<function cancellation at 0x0000028440F1AAE8>
[2018-05-31] guest用户访问<function login at 0x0000028440F1A7B8>
[2018-05-31] wanl用户访问<function cancellation at 0x0000028440F1AAE8>
[2018-05-31] guest用户访问<function article at 0x0000028440F1A8C8>
[2018-05-31] guest用户访问<function login at 0x0000028440F1A7B8>
[2018-05-31] wanl用户访问<function article at 0x0000028440F1A8C8>
[2018-05-31] wanl用户访问<function article at 0x0000028440F1A8C8>
[2018-05-31] wanl用户访问<function cancellation at 0x0000028440F1AAE8>
[2018-05-31] guest用户访问<function article at 0x0000028440F1A8C8>
[2018-05-31] guest用户访问<function register at 0x0000028440D58378>
[2018-05-31] test用户访问<function article at 0x0000028440F1A8C8>
[2018-06-02] guest用户访问<function register at 0x0000021531DA8378>
[2018-06-02] wanliang用户访问<function article at 0x0000021531F698C8>
[2018-06-02] guest用户访问<function register at 0x00000177EA2E8378>
[2018-06-02] guest用户访问<function register at 0x000002AB967B8378>
[2018-06-02] guest用户访问<function article at 0x0000018638528950>
[2018-06-02] guest用户访问<function diary at 0x00000186385289D8>
[2018-06-02] guest用户访问article
[2018-06-02] guest用户访问diary
[2018-06-02] guest用户访问article
[2018-06-02] guest用户访问diary
[2018-06-02] guest用户访问comment
[2018-06-02] guest用户访问collection
[2018-06-02] guest用户访问cancellation
